<?xml version="1.0" encoding="UTF-8"?>
<!-- Generated by org.testng.reporters.JUnitXMLReporter -->
<testsuite hostname="Welcome-PC" ignored="0" name="Default test" tests="3" failures="0" timestamp="29 Feb 2020 12:49:05 GMT" time="16.722" errors="0">
  <testcase name="postNewEmployees" time="8.454" classname="datadriven.DataDrivenTest_AddNewEmployees"/>
  <testcase name="postNewEmployees" time="1.167" classname="datadriven.DataDrivenTest_AddNewEmployees"/>
  <testcase name="postNewEmployees" time="1.265" classname="datadriven.DataDrivenTest_AddNewEmployees"/>
</testsuite> <!-- Default test -->
