<?xml version="1.0" encoding="UTF-8"?>
<!-- Generated by org.testng.reporters.JUnitXMLReporter -->
<testsuite hostname="Welcome-PC" ignored="0" name="Test" tests="3" failures="0" timestamp="29 Feb 2020 12:52:12 GMT" time="12.102" errors="0">
  <testcase name="postNewEmployees" time="6.325" classname="datadriven.DataDrivenTest_AddNewEmployees"/>
  <testcase name="postNewEmployees" time="0.972" classname="datadriven.DataDrivenTest_AddNewEmployees"/>
  <testcase name="postNewEmployees" time="0.985" classname="datadriven.DataDrivenTest_AddNewEmployees"/>
</testsuite> <!-- Test -->
