<?xml version="1.0" encoding="UTF-8"?>
<!-- Generated by org.testng.reporters.JUnitXMLReporter -->
<testsuite hostname="Welcome-PC" ignored="0" name="Test" tests="3" failures="0" timestamp="28 Feb 2020 09:52:38 GMT" time="9.716" errors="0">
  <testcase name="postNewEmployees" time="6.255" classname="datadriven.DataDrivenTest_AddNewEmployees"/>
  <testcase name="postNewEmployees" time="1.125" classname="datadriven.DataDrivenTest_AddNewEmployees"/>
  <testcase name="postNewEmployees" time="1.004" classname="datadriven.DataDrivenTest_AddNewEmployees"/>
</testsuite> <!-- Test -->
